<?xml version="1.0" encoding="UTF-8"?>
<testng-results total="1" passed="1" failed="0" skipped="0">
  <reporter-output>
  </reporter-output>
  <suite started-at="2021-10-08T12:12:33Z" name="Default suite" finished-at="2021-10-08T12:12:38Z" duration-ms="5028">
    <groups>
      <group name="cucumber">
        <method signature="TestRunner.feature(cucumber.api.testng.CucumberFeatureWrapper)[pri:0, instance:com.AutomationTask.TestRunner@41ab013]" name="feature" class="com.AutomationTask.TestRunner"/>
      </group> <!-- cucumber -->
    </groups>
    <test started-at="2021-10-08T12:12:33Z" name="Default test" finished-at="2021-10-08T12:12:38Z" duration-ms="5028">
      <class name="com.AutomationTask.TestRunner">
        <test-method is-config="true" signature="setUpClass()[pri:0, instance:com.AutomationTask.TestRunner@41ab013]" started-at="2021-10-08T14:12:33Z" name="setUpClass" finished-at="2021-10-08T14:12:34Z" duration-ms="184" status="PASS">
          <reporter-output>
          </reporter-output>
        </test-method> <!-- setUpClass -->
        <test-method signature="feature(cucumber.api.testng.CucumberFeatureWrapper)[pri:0, instance:com.AutomationTask.TestRunner@41ab013]" started-at="2021-10-08T14:12:34Z" name="feature" description="Runs Cucumber Feature" data-provider="features" finished-at="2021-10-08T14:12:38Z" duration-ms="4753" status="PASS">
          <params>
            <param index="0">
              <value>
                <![CDATA[Login Actions]]>
              </value>
            </param>
          </params>
          <reporter-output>
          </reporter-output>
        </test-method> <!-- feature -->
        <test-method is-config="true" signature="tearDownClass()[pri:0, instance:com.AutomationTask.TestRunner@41ab013]" started-at="2021-10-08T14:12:38Z" name="tearDownClass" finished-at="2021-10-08T14:12:38Z" duration-ms="20" status="PASS">
          <reporter-output>
          </reporter-output>
        </test-method> <!-- tearDownClass -->
      </class> <!-- com.AutomationTask.TestRunner -->
    </test> <!-- Default test -->
  </suite> <!-- Default suite -->
</testng-results>
